# JRE version: OpenJDK Runtime Environment Corretto-11.0.9.12.1 (11.0.9.1+12) (build 11.0.9.1+12-LTS)
# Java VM: OpenJDK 64-Bit Server VM Corretto-11.0.9.12.1 (11.0.9.1+12-LTS, mixed mode, tiered, compressed oops, g1 gc, windows-amd64)
Heap:
 garbage-first heap   total 262144K, used 118363K [0x00000000e0000000, 0x0000000100000000)
  region size 1024K, 81 young (82944K), 16 survivors (16384K)
 Metaspace       used 61014K, capacity 62707K, committed 62800K, reserved 309248K
  class space    used 8040K, capacity 8614K, committed 8704K, reserved 253952K
GC Heap History (14 events):
Event: 0.571 GC heap before
{Heap before GC invocations=0 (full 0):
 garbage-first heap   total 262144K, used 29696K [0x00000000e0000000, 0x0000000100000000)
  region size 1024K, 24 young (24576K), 0 survivors (0K)
 Metaspace       used 10746K, capacity 10942K, committed 11264K, reserved 264192K
  class space    used 1133K, capacity 1202K, committed 1280K, reserved 253952K
}
Event: 0.575 GC heap after
{Heap after GC invocations=1 (full 0):
 garbage-first heap   total 262144K, used 8812K [0x00000000e0000000, 0x0000000100000000)
  region size 1024K, 3 young (3072K), 3 survivors (3072K)
 Metaspace       used 10746K, capacity 10942K, committed 11264K, reserved 264192K
  class space    used 1133K, capacity 1202K, committed 1280K, reserved 253952K
}
Event: 1.840 GC heap before
{Heap before GC invocations=1 (full 0):
 garbage-first heap   total 262144K, used 90732K [0x00000000e0000000, 0x0000000100000000)
  region size 1024K, 85 young (87040K), 3 survivors (3072K)
 Metaspace       used 20742K, capacity 21132K, committed 21296K, reserved 274432K
  class space    used 2485K, capacity 2630K, committed 2688K, reserved 253952K
}
Event: 1.849 GC heap after
{Heap after GC invocations=2 (full 0):
 garbage-first heap   total 262144K, used 15876K [0x00000000e0000000, 0x0000000100000000)
  region size 1024K, 10 young (10240K), 10 survivors (10240K)
 Metaspace       used 20742K, capacity 21132K, committed 21296K, reserved 274432K
  class space    used 2485K, capacity 2630K, committed 2688K, reserved 253952K
}
Event: 2.203 GC heap before
{Heap before GC invocations=3 (full 0):
 garbage-first heap   total 262144K, used 44548K [0x00000000e0000000, 0x0000000100000000)
  region size 1024K, 38 young (38912K), 10 survivors (10240K)
 Metaspace       used 24422K, capacity 25010K, committed 25264K, reserved 276480K
  class space    used 3075K, capacity 3291K, committed 3328K, reserved 253952K
}
Event: 2.208 GC heap after
{Heap after GC invocations=4 (full 0):
 garbage-first heap   total 262144K, used 17634K [0x00000000e0000000, 0x0000000100000000)
  region size 1024K, 2 young (2048K), 2 survivors (2048K)
 Metaspace       used 24422K, capacity 25010K, committed 25264K, reserved 276480K
  class space    used 3075K, capacity 3291K, committed 3328K, reserved 253952K
}
Event: 3.093 GC heap before
{Heap before GC invocations=4 (full 0):
 garbage-first heap   total 262144K, used 85218K [0x00000000e0000000, 0x0000000100000000)
  region size 1024K, 67 young (68608K), 2 survivors (2048K)
 Metaspace       used 35138K, capacity 35805K, committed 35888K, reserved 286720K
  class space    used 4398K, capacity 4654K, committed 4736K, reserved 253952K
}
Event: 3.103 GC heap after
{Heap after GC invocations=5 (full 0):
 garbage-first heap   total 262144K, used 22054K [0x00000000e0000000, 0x0000000100000000)
  region size 1024K, 7 young (7168K), 7 survivors (7168K)
 Metaspace       used 35138K, capacity 35805K, committed 35888K, reserved 286720K
  class space    used 4398K, capacity 4654K, committed 4736K, reserved 253952K
}
Event: 4.121 GC heap before
{Heap before GC invocations=6 (full 0):
 garbage-first heap   total 262144K, used 109094K [0x00000000e0000000, 0x0000000100000000)
  region size 1024K, 93 young (95232K), 7 survivors (7168K)
 Metaspace       used 42551K, capacity 43451K, committed 43696K, reserved 292864K
  class space    used 5505K, capacity 5831K, committed 5888K, reserved 253952K
}
Event: 4.129 GC heap after
{Heap after GC invocations=7 (full 0):
 garbage-first heap   total 262144K, used 26860K [0x00000000e0000000, 0x0000000100000000)
  region size 1024K, 11 young (11264K), 11 survivors (11264K)
 Metaspace       used 42551K, capacity 43451K, committed 43696K, reserved 292864K
  class space    used 5505K, capacity 5831K, committed 5888K, reserved 253952K
}
Event: 5.484 GC heap before
{Heap before GC invocations=7 (full 0):
 garbage-first heap   total 262144K, used 172268K [0x00000000e0000000, 0x0000000100000000)
  region size 1024K, 153 young (156672K), 11 survivors (11264K)
 Metaspace       used 50008K, capacity 51401K, committed 51760K, reserved 299008K
  class space    used 6679K, capacity 7187K, committed 7296K, reserved 253952K
}
Event: 5.500 GC heap after
{Heap after GC invocations=8 (full 0):
 garbage-first heap   total 262144K, used 37783K [0x00000000e0000000, 0x0000000100000000)
  region size 1024K, 20 young (20480K), 20 survivors (20480K)
 Metaspace       used 50008K, capacity 51401K, committed 51760K, reserved 299008K
  class space    used 6679K, capacity 7187K, committed 7296K, reserved 253952K
}
Event: 6.267 GC heap before
{Heap before GC invocations=8 (full 0):
 garbage-first heap   total 262144K, used 105367K [0x00000000e0000000, 0x0000000100000000)
  region size 1024K, 88 young (90112K), 20 survivors (20480K)
 Metaspace       used 58523K, capacity 60051K, committed 60240K, reserved 307200K
  class space    used 7775K, capacity 8326K, committed 8448K, reserved 253952K
}
Event: 6.299 GC heap after
{Heap after GC invocations=9 (full 0):
 garbage-first heap   total 262144K, used 53851K [0x00000000e0000000, 0x0000000100000000)
  region size 1024K, 16 young (16384K), 16 survivors (16384K)
 Metaspace       used 58523K, capacity 60051K, committed 60240K, reserved 307200K
  class space    used 7775K, capacity 8326K, committed 8448K, reserved 253952K
}

